 Process in group number            1
 No PDF is used, alpha_s(MZ) from param_card is used
 Value of alpha_s from param_card:   0.11799999999999999     
 The default order of alpha_s running is fixed to            2
 Warning: pt or E min of a gamma should in general be >0
 *****************************************************
 *                    MadEvent                       *
 *        --------------------------------           *
 *          http://madgraph.hep.uiuc.edu             *
 *          http://madgraph.phys.ucl.ac.be           *
 *          http://madgraph.roma2.infn.it            *
 *        --------------------------------           *
 *                                                   *
 *         INTEGRATION CHANNEL LOG FILE              *
 *                                                   *
 *****************************************************

 *****************************************************
 *          SUMMARY OF THE SM PARAMETERS             *
 *****************************************************

  EW Parameters:
 ---------------

  GF (10^-5*Ge    1.1660
  1/alpha       137.0360
  M_Z   (GeV)    91.5445


 Boson masses and widths:
 ------------------------

      Z mass  =       91.545 GeV             Z width  =    2.4464 GeV  (calc @ LO)
      W mass  =       80.267 GeV             W width  =    2.0354 GeV  (calc @ LO)
      H mass  =      120.000 GeV             H width  =    0.0068 GeV  (calc @ LO)

 Fermion masses and widths:
 --------------------------

 top    mass  =      174.300 GeV        top    width  =    1.5101 GeV  (calc @ LO)
 bottom mass  =      4.200 GeV        bottom width  =    0.0000 GeV
 charm  mass  =      1.400 GeV        charm  width  =    0.0000 GeV
 tau    mass  =      1.777 GeV        tau    width  =    0.0000 GeV
 all other quark and lepton masses set to zero

 User Model couplings:
 ---------------------

   GAF(L)  =        0.30282      0.00000    GAF(R)  =        0.30282      0.00000
   GAN(L)  =            NaN      0.00000    GAN(R)  =            NaN      0.00000
  GEAP(L)  =        0.00030      0.00000   GEAP(R)  =        0.00030      0.00000

 Boson couplings:
 ----------------

      gwwa  =       0.30282
      gwwz  =       0.58735
      gwwh  =      53.76898     0.00000
      gzzh  =      68.06147     0.00000
      ghhh  =    -175.42461     0.00000

      gwwhh =       0.21834     0.00000
      gzzhh =       0.27638     0.00000
      ghhhh =      -0.71236     0.00000

 FFV couplings:
 --------------

  gal(L)   =        0.30282      0.00000   gal(R)   =        0.30282      0.00000
  gau(L)   =       -0.20188      0.00000   gau(R)   =       -0.20188      0.00000
  gad(L)   =        0.10094      0.00000   gad(R)   =        0.10094      0.00000

  gwf(L)   =       -0.46727      0.00000   gwf(R)   =        0.00000      0.00000

  gzn(L)   =       -0.37174      0.00000   gzn(R)   =        0.00000      0.00000
  gzl(L)   =        0.21561      0.00000   gzl(R)   =       -0.15613      0.00000
  gzu(L)   =       -0.26766      0.00000   gzu(R)   =        0.10408      0.00000
  gzd(L)   =        0.31970      0.00000   gzd(R)   =       -0.05204      0.00000

 FFH couplings:
 --------------

  gHtop(L) =    -0.7077896   0.0000000 gHtop(R) =    -0.7077896   0.0000000
  gHbot(L) =    -0.0170552   0.0000000 gHbot(R) =    -0.0170552   0.0000000
  gHcha(L) =    -0.0050759   0.0000000 gHcha(R) =    -0.0050759   0.0000000
  gHtau(L) =    -0.0072160   0.0000000 gHtau(R) =    -0.0072160   0.0000000

 Strong couplings:
 -----------------

  gg(1)    =    -1.2177158   0.0000000 gg(2)    =    -1.2177158   0.0000000

 User Model masses and widths:
 -----------------------------

      ELMASS  =        0.001 GeV           ELWIDTH    =    0.0000 GeV  (calc @ LO)
      APMASS  =        1.000 GeV           APWIDTH    =    0.0000 GeV  (calc @ LO)
      HPMASS  =      171.240 GeV           HPWIDTH    =    0.0000 GeV  (calc @ LO)

 User Model Parameters:
 ----------------------
    epsilon   =        0.001 GeV        
    Znuc      =       74.000 GeV        


 Collider parameters:
 --------------------

 Running at e e   machine @    26.894567481184747       GeV
 PDF set = none   
 alpha_s(Mz)= 0.1180 running at 2 loops.
 alpha_s(Mz)= 0.1180 running at 2 loops.
 Renormalization scale set on event-by-event basis
 Factorization   scale set on event-by-event basis


 getting user params
Enter number of events and iterations: 
 Number of events and iterations         2000           9
Enter desired fractional accuracy: 
 Desired fractional accuracy:   -5130.4059999999999     
Enter 0 for fixed, 2 for adjustable grid: 
Suppress amplitude (0 no, 1 yes)? 
 Using suppressed amplitude.
Exact helicity sum (0 yes, n = number/event)? 
 Summing over           1  helicities/event
Enter Configuration Number: 
Running Configuration Number:    1
 Not subdividing B.W.
 Attempting mappinvarients           1           5
 Completed mapping           5
 about to integrate            5        2000           9           5           1
 Keeping grid fixed.
  5 dimensions   2000 events  5 invarients  9 iterations  1 config(s),  (0.99)
 Using h-tuple random number sequence.
 Grid read from file
 Grid defined OK
 Mapping Graph           1  to config           1
 myamp l312: xm(           3 )=   5.1109989000000002E-004
 myamp l312: xm(           4 )=   171.24000000000001     
 myamp l312: xm(           5 )=   0.0000000000000000     
 No modification is setgrid, grid read from file
 No modification is setgrid, grid read from file
 Masses: 0.511E-03 0.171E+03 0.511E-03 0.171E+03 0.000E+00
   1   1   2   3   4   5
Using random seed offsets     1 :      1
  with seed           1
 Ranmar initialization seeds        1804        9374
  Particle       3       4       5
      Et >     0.0     0.0     0.0
       E >     0.0     0.0     0.0
     Eta <100000.0100000.0100000.0
d R # 3  >    -0.0     0.0     0.0
d R # 4  >    -0.0    -0.0     0.0
s min # 3>     0.0     0.0     0.0
s min # 4>     0.0     0.0     0.0
   xqcut:      0.0     0.0     0.0
xqcutij # 3>     0.0     0.0     0.0
xqcutij # 4>     0.0     0.0     0.0
 alpha_s for scale    0.0000000000000000       is   0.11799999999999999     
 Iteration  1   Mean: 0.1984E+12   Fluctuation:  0.105E+11   0.505E+13    25.0%
  1   0.1984E+12 +- 0.1049E+11      2.36
 Writing out events   44102553.868443049        2.3636390869955539     
 Iteration  2   Mean: 0.1963E+12   Fluctuation:  0.726E+10   0.677E+13    24.7%
  2   0.1963E+12 +- 0.7263E+10      2.34
 Found          928  events.
 Wrote          308  events.
 Correct xsec    0.0000000000000000     
 Event xsec    0.0000000000000000     
 Events wgts > 1:            0
 % Cross section > 1:    0.0000000000000000                            NaN
 Iteration  3   Mean: 0.1973E+12   Fluctuation:  0.564E+10   0.127E+14    24.3%
  3   0.1973E+12 +- 0.5642E+10      2.56
 No improvement in events         208         308
 Checking number of events  -5130.4059999999999              308
 No improvement in events         201         308
 Iteration  4   Mean: 0.1932E+12   Fluctuation:  0.361E+10   0.883E+13    24.4%
  4   0.1932E+12 +- 0.3615E+10      2.37
 Found         3659  events.
 Wrote         1158  events.
 Correct xsec    194703005291.32944     
 Event xsec    194703005291.32574     
 Events wgts > 1:           25
 % Cross section > 1:    1905298683.7267027       0.97856665379966079     
 Checking number of events  -5130.4059999999999             1158
 No improvement in events        1127        1158
 Iteration  5   Mean: 0.1928E+12   Fluctuation:  0.258E+10   0.116E+14    24.2%
  5   0.1928E+12 +- 0.2585E+10      2.40
 Found         7299  events.
 Wrote         2049  events.
 Correct xsec    193473225611.75842     
 Event xsec    193473225611.74957     
 Events wgts > 1:           41
 % Cross section > 1:    1936014171.3395331        1.0006625801673508     
 Checking number of events  -5130.4059999999999             2049
 No improvement in events        2031        2049
 Iteration  6   Mean: 0.1930E+12   Fluctuation:  0.184E+10   0.191E+14    24.3%
  6   0.1930E+12 +- 0.1836E+10      2.41
 Found        14576  events.
 Wrote         4158  events.
 Correct xsec    192985535144.46402     
 Event xsec    192985535144.45560     
 Events wgts > 1:           81
 % Cross section > 1:    1893940971.8420541       0.98139011839637680     
 Checking number of events  -5130.4059999999999             4158
 Found        14576  events.
 Wrote         4213  events.
 Correct xsec    192985535144.46402     
 Event xsec    192985535144.45294     
 Events wgts > 1:           81
 % Cross section > 1:    1869455406.2909172       0.96870234595126425     
 Iteration  7   Mean: 0.1925E+12   Fluctuation:  0.130E+10   0.178E+14    24.2%
  7   0.1925E+12 +- 0.1296E+10      2.41
 Found        29235  events.
 Wrote         7827  events.
 Correct xsec    192685832349.49786     
 Event xsec    192685832349.51038     
 Events wgts > 1:          140
 % Cross section > 1:    1913488160.2037003       0.99306115912707504     
 Checking number of events  -5130.4059999999999             7827

 -------------------------------------------------------------------------------
 Accumulated results:   Integral =  0.1930E+12
                        Std dev  =  0.9215E+09
             Chi**2 per DoF.     =      0.2118
 -------------------------------------------------------------------------------
-----------------------------------------------------
---------------------------
 Results Last 3 iters:  Integral =   0.1927E+12
                         Std dev =   0.9798E+09
                 Chi**2 per DoF. =      0.0313
-----------------------------------------------------
---------------------------
 Status  -5130.4059999999999                8           9
 We found enough events        7827   9.8855655040085798E+017
 No improvement in events        7748        7827
