 Full compression. Using symmetry and assuming B.W.
 No PDF is used, alpha_s(MZ) from param_card is used
 Value of alpha_s from param_card:   0.11799999999999999     
 The default order of alpha_s running is fixed to            2
 Warning: pt or E min of a gamma should in general be >0
 *****************************************************
 *                    MadEvent                       *
 *        --------------------------------           *
 *          http://madgraph.hep.uiuc.edu             *
 *          http://madgraph.phys.ucl.ac.be           *
 *          http://madgraph.roma2.infn.it            *
 *        --------------------------------           *
 *                                                   *
 *         INTEGRATION CHANNEL LOG FILE              *
 *                                                   *
 *****************************************************

 *****************************************************
 *          SUMMARY OF THE SM PARAMETERS             *
 *****************************************************

  EW Parameters:
 ---------------

  GF (10^-5*Ge    1.1660
  1/alpha       137.0360
  M_Z   (GeV)    91.5445


 Boson masses and widths:
 ------------------------

      Z mass  =       91.545 GeV             Z width  =    2.4464 GeV  (calc @ LO)
      W mass  =       80.267 GeV             W width  =    2.0354 GeV  (calc @ LO)
      H mass  =      120.000 GeV             H width  =    0.0068 GeV  (calc @ LO)

 Fermion masses and widths:
 --------------------------

 top    mass  =      174.300 GeV        top    width  =    1.5101 GeV  (calc @ LO)
 bottom mass  =      4.200 GeV        bottom width  =    0.0000 GeV
 charm  mass  =      1.400 GeV        charm  width  =    0.0000 GeV
 tau    mass  =      1.777 GeV        tau    width  =    0.0000 GeV
 all other quark and lepton masses set to zero

 User Model couplings:
 ---------------------

   GAF(L)  =        0.30282      0.00000    GAF(R)  =        0.30282      0.00000
   GAN(L)  =            NaN      0.00000    GAN(R)  =            NaN      0.00000
  GEAP(L)  =        0.00030      0.00000   GEAP(R)  =        0.00030      0.00000

 Boson couplings:
 ----------------

      gwwa  =       0.30282
      gwwz  =       0.58735
      gwwh  =      53.76898     0.00000
      gzzh  =      68.06147     0.00000
      ghhh  =    -175.42461     0.00000

      gwwhh =       0.21834     0.00000
      gzzhh =       0.27638     0.00000
      ghhhh =      -0.71236     0.00000

 FFV couplings:
 --------------

  gal(L)   =        0.30282      0.00000   gal(R)   =        0.30282      0.00000
  gau(L)   =       -0.20188      0.00000   gau(R)   =       -0.20188      0.00000
  gad(L)   =        0.10094      0.00000   gad(R)   =        0.10094      0.00000

  gwf(L)   =       -0.46727      0.00000   gwf(R)   =        0.00000      0.00000

  gzn(L)   =       -0.37174      0.00000   gzn(R)   =        0.00000      0.00000
  gzl(L)   =        0.21561      0.00000   gzl(R)   =       -0.15613      0.00000
  gzu(L)   =       -0.26766      0.00000   gzu(R)   =        0.10408      0.00000
  gzd(L)   =        0.31970      0.00000   gzd(R)   =       -0.05204      0.00000

 FFH couplings:
 --------------

  gHtop(L) =    -0.7077896   0.0000000 gHtop(R) =    -0.7077896   0.0000000
  gHbot(L) =    -0.0170552   0.0000000 gHbot(R) =    -0.0170552   0.0000000
  gHcha(L) =    -0.0050759   0.0000000 gHcha(R) =    -0.0050759   0.0000000
  gHtau(L) =    -0.0072160   0.0000000 gHtau(R) =    -0.0072160   0.0000000

 Strong couplings:
 -----------------

  gg(1)    =    -1.2177158   0.0000000 gg(2)    =    -1.2177158   0.0000000

 User Model masses and widths:
 -----------------------------

      ELMASS  =        0.001 GeV           ELWIDTH    =    0.0000 GeV  (calc @ LO)
      APMASS  =        1.000 GeV           APWIDTH    =    0.0000 GeV  (calc @ LO)
      HPMASS  =      171.240 GeV           HPWIDTH    =    0.0000 GeV  (calc @ LO)

 User Model Parameters:
 ----------------------
    epsilon   =        0.001 GeV        
    Znuc      =       74.000 GeV        


 Collider parameters:
 --------------------

 Running at e e   machine @    26.894567481184747       GeV
 PDF set = none   
 alpha_s(Mz)= 0.1180 running at 2 loops.
 alpha_s(Mz)= 0.1180 running at 2 loops.
 Renormalization scale set on event-by-event basis
 Factorization   scale set on event-by-event basis


 Using non-zero grid deformation.
 22 dimensions  10000 events 35 invarients 10 iterations  1 config(s),  (0.99)
 Using h-tuple random number sequence.
 No invarient mapping defined, using 1 to 1.
 Error opening grid
 Using Uniform Grid!
 Using uniform alpha   1.0000000000000000     
 Grid defined OK
 Mapping Graph           1  to config           1
 myamp l312: xm(           3 )=   5.1109989000000002E-004
 myamp l312: xm(           4 )=   171.24000000000001     
 myamp l312: xm(           5 )=   0.0000000000000000     
Setting grid   1    0.00000E+00   -0.87999E-11   1
Setting grid   2    0.87999E-11   -0.00000E+00   1
 Masses: 0.511E-03 0.171E+03 0.511E-03 0.171E+03 0.000E+00
   1   1   2   3   4   5
Using random seed offsets     1 :      1
  with seed           1
 Ranmar initialization seeds        1804        9374
   1    0.10495E+01    0.00000E+00    0.00000E+00    0.10495E+01
   2    0.17124E+03   -0.00000E+00   -0.00000E+00   -0.10495E+01
   3    0.10117E+01   -0.48383E+00    0.84849E+00   -0.26372E+00
   4    0.17124E+03    0.47550E+00   -0.85779E+00    0.22774E+00
   5    0.38084E-01    0.83326E-02    0.93032E-02    0.35978E-01
 Bad swap           1           2           4           3           5
 Bad swap           1           2           5           3           4
 Bad swap           1           2           3           5           4
 Bad swap           1           2           4           5           3
 Found            0  matches.            2  channels remain for integration.
 Checking for BW            1
 Checking for BW            2
 Checking for BW            1
 Checking for BW            2
